<?xml version="1.0" encoding="UTF-8"?>
<testng-results skipped="0" failed="0" ignored="0" total="1" passed="1">
  <reporter-output>
  </reporter-output>
  <suite name="Default suite" duration-ms="2703" started-at="2020-06-07T08:10:38Z" finished-at="2020-06-07T08:10:41Z">
    <groups>
    </groups>
    <test name="Default test" duration-ms="2703" started-at="2020-06-07T08:10:38Z" finished-at="2020-06-07T08:10:41Z">
      <class name="apiPackage.TC004_PUTMethod">
        <test-method status="PASS" signature="putMethod()[pri:0, instance:apiPackage.TC004_PUTMethod@58651fd0]" name="putMethod" duration-ms="2678" started-at="2020-06-07T13:40:38Z" finished-at="2020-06-07T13:40:41Z">
          <reporter-output>
          </reporter-output>
        </test-method> <!-- putMethod -->
      </class> <!-- apiPackage.TC004_PUTMethod -->
    </test> <!-- Default test -->
  </suite> <!-- Default suite -->
</testng-results>
