<?xml version="1.0" encoding="UTF-8"?>
<testng-results skipped="0" failed="0" ignored="0" total="1" passed="1">
  <reporter-output>
  </reporter-output>
  <suite name="Default suite" duration-ms="2968" started-at="2020-06-08T20:45:03Z" finished-at="2020-06-08T20:45:06Z">
    <groups>
    </groups>
    <test name="Default test" duration-ms="2968" started-at="2020-06-08T20:45:03Z" finished-at="2020-06-08T20:45:06Z">
      <class name="apiPackage.TC004_PUTMethod">
        <test-method status="PASS" signature="putMethod(java.lang.Object, java.lang.Object, java.lang.Object, java.lang.Object, java.lang.Object, java.lang.Object)[pri:0, instance:apiPackage.TC004_PUTMethod@5419f379]" name="putMethod" duration-ms="2915" started-at="2020-06-09T02:15:03Z" data-provider="getData" finished-at="2020-06-09T02:15:06Z">
          <params>
            <param index="0">
              <value>
                <![CDATA[6]]>
              </value>
            </param>
            <param index="1">
              <value>
                <![CDATA[Nandu]]>
              </value>
            </param>
            <param index="2">
              <value>
                <![CDATA[Devansh]]>
              </value>
            </param>
            <param index="3">
              <value>
                <![CDATA[HR]]>
              </value>
            </param>
            <param index="4">
              <value>
                <![CDATA[25Aug1985]]>
              </value>
            </param>
            <param index="5">
              <value>
                <![CDATA[Married]]>
              </value>
            </param>
          </params>
          <reporter-output>
          </reporter-output>
        </test-method> <!-- putMethod -->
      </class> <!-- apiPackage.TC004_PUTMethod -->
    </test> <!-- Default test -->
  </suite> <!-- Default suite -->
</testng-results>
